Jul 30, 2018 1:06:54 PM server.TCPServerCommunicationManager run
INFO: [Server]: Client Command: HELLO <127.0.0.1>
Jul 30, 2018 1:18:03 PM server.TCPServerCommunicationManager run
INFO: [Server]: Client Command: HELLO <127.0.0.1>
Jul 30, 2018 1:22:17 PM server.TCPServerCommunicationManager run
INFO: [Server]: Client Command: HELLO <127.0.0.1>
Jul 30, 2018 1:41:38 PM server.TCPServerCommunicationManager run
INFO: [Server]: Client Command: HELLO <127.0.0.1>
Jul 30, 2018 2:04:27 PM server.TCPServerCommunicationManager run
INFO: [Server]: Client Command: HELLO <127.0.0.1>
Jul 30, 2018 2:19:14 PM server.TCPServerCommunicationManager run
INFO: [Server]: Client Command: HELLO <127.0.0.1>
Jul 30, 2018 2:24:55 PM server.TCPServerCommunicationManager run
INFO: [Server]: Client Command: REGISTER PLAIN
Jul 30, 2018 2:44:31 PM server.TCPServerCommunicationManager run
INFO: [Server]: Client Command: USER<daniela>
Jul 30, 2018 2:45:35 PM server.TCPServerCommunicationManager run
INFO: [Server]: Client Command: PASS<1234>
Jul 30, 2018 2:49:58 PM server.TCPServerCommunicationManager run
INFO: [Server]: Client Command: HELLO <127.0.0.1>
Jul 30, 2018 2:50:12 PM server.TCPServerCommunicationManager run
INFO: [Server]: Client Command: REGISTER PLAIN
Jul 30, 2018 2:50:31 PM server.TCPServerCommunicationManager run
INFO: [Server]: Client Command: USER<daniela>
Jul 30, 2018 2:50:42 PM server.TCPServerCommunicationManager run
INFO: [Server]: Client Command: PASS<1234>
Jul 30, 2018 4:47:58 PM server.TCPServerCommunicationManager run
INFO: [Server]: Client Command: HELLO <127.0.0.1>
Jul 30, 2018 4:48:12 PM server.TCPServerCommunicationManager run
INFO: [Server]: Client Command: REGISTER PLAIN
Jul 30, 2018 4:48:25 PM server.TCPServerCommunicationManager run
INFO: [Server]: Client Command: USER<daniela>
Jul 30, 2018 4:48:34 PM server.TCPServerCommunicationManager run
INFO: [Server]: Client Command: PASS<1234>
Jul 30, 2018 4:48:42 PM server.TCPServerCommunicationManager run
INFO: [Server]: Client Command: LOGOUT
Jul 30, 2018 4:59:46 PM server.TCPServerCommunicationManager run
INFO: [Server]: Client Command: HELLO <127.0.0.1>
Jul 30, 2018 4:59:58 PM server.TCPServerCommunicationManager run
INFO: [Server]: Client Command: REGISTER PLAIN
Jul 30, 2018 5:00:06 PM server.TCPServerCommunicationManager run
INFO: [Server]: Client Command: USER<daniela>
Jul 30, 2018 5:00:13 PM server.TCPServerCommunicationManager run
INFO: [Server]: Client Command: PASS<1234>
Jul 30, 2018 5:00:22 PM server.TCPServerCommunicationManager run
INFO: [Server]: Client Command: LOGOUT
Jul 30, 2018 5:00:22 PM server.TCPServerCommunicationManager run
INFO: [Server]: Client Command: HELLO <127.0.0.1>
Jul 30, 2018 5:08:51 PM server.TCPServerCommunicationManager run
INFO: [Server]: Client Command: HELLO <127.0.0.1>
Jul 30, 2018 5:09:01 PM server.TCPServerCommunicationManager run
INFO: [Server]: Client Command: REGISTER PLAIN
Jul 30, 2018 5:09:21 PM server.TCPServerCommunicationManager run
INFO: [Server]: Client Command: USER<daniela>
Jul 30, 2018 5:09:28 PM server.TCPServerCommunicationManager run
INFO: [Server]: Client Command: PASS<1234>
Jul 30, 2018 5:09:40 PM server.TCPServerCommunicationManager run
INFO: [Server]: Client Command: LOGOUT
Jul 30, 2018 5:09:40 PM server.TCPServerCommunicationManager run
INFO: [Server]: Client Command: HELLO <127.0.0.1>
Jul 30, 2018 5:10:07 PM server.TCPServerCommunicationManager run
INFO: [Server]: Client Command: HELLO <127.0.0.1>
Jul 30, 2018 5:19:25 PM server.TCPServerCommunicationManager run
INFO: [Server]: Client Command: REGISTER PLAIN
Jul 30, 2018 5:19:34 PM server.TCPServerCommunicationManager run
INFO: [Server]: Client Command: USER<daniela>
Jul 30, 2018 5:20:02 PM server.TCPServerCommunicationManager run
INFO: [Server]: Client Command: PASS<1234>
Jul 30, 2018 5:21:36 PM server.TCPServerCommunicationManager run
INFO: [Server]: Client Command: LOGOUT
Jul 30, 2018 5:22:40 PM server.TCPServerCommunicationManager run
INFO: [Server]: Client Command: HELLO <127.0.0.1>
Jul 30, 2018 5:24:50 PM server.TCPServerCommunicationManager run
INFO: [Server]: Client Command: HELLO <127.0.0.1>
Jul 30, 2018 5:24:58 PM server.TCPServerCommunicationManager run
INFO: [Server]: Client Command: REGISTER PLAIN
Jul 30, 2018 5:25:08 PM server.TCPServerCommunicationManager run
INFO: [Server]: Client Command: USER<daniela>
Jul 30, 2018 5:25:19 PM server.TCPServerCommunicationManager run
INFO: [Server]: Client Command: PASS<1234>
Jul 30, 2018 5:26:20 PM server.TCPServerCommunicationManager run
INFO: [Server]: Client Command: LOGOUT
Jul 30, 2018 5:27:45 PM server.TCPServerCommunicationManager run
INFO: [Server]: Client Command: HELLO <127.0.0.1>
Jul 30, 2018 9:05:03 PM server.TCPServerCommunicationManager run
INFO: [Server]: Client Command: HELLO <127.0.0.1>
Jul 30, 2018 9:06:45 PM server.TCPServerCommunicationManager run
INFO: [Server]: Client Command: REGISTER PLAIN
Jul 30, 2018 9:06:59 PM server.TCPServerCommunicationManager run
INFO: [Server]: Client Command: USER<daniela>
Jul 30, 2018 9:07:37 PM server.TCPServerCommunicationManager run
INFO: [Server]: Client Command: PASS<1234>
Jul 30, 2018 9:08:25 PM server.TCPServerCommunicationManager run
INFO: [Server]: Client Command: LOGOUT
Jul 30, 2018 9:09:29 PM server.TCPServerCommunicationManager run
INFO: [Server]: Client Command: HELLO <127.0.0.1>
Jul 30, 2018 9:28:20 PM server.TCPServerCommunicationManager run
INFO: [Server]: Client Command: HELLO <127.0.0.1>
Jul 30, 2018 9:28:32 PM server.TCPServerCommunicationManager run
INFO: [Server]: Client Command: REGISTER PLAIN
Jul 30, 2018 9:28:45 PM server.TCPServerCommunicationManager run
INFO: [Server]: Client Command: USER<daniela>
Jul 30, 2018 9:28:51 PM server.TCPServerCommunicationManager run
INFO: [Server]: Client Command: PASS<1234>
Jul 30, 2018 9:29:01 PM server.TCPServerCommunicationManager run
INFO: [Server]: Client Command: LOGOUT
Jul 30, 2018 9:29:01 PM server.TCPServerCommunicationManager run
INFO: [Server]: Client Command: HELLO <127.0.0.1>
Jul 30, 2018 9:33:50 PM server.TCPServerCommunicationManager run
INFO: [Server]: Client Command: HELLO <127.0.0.1>
Jul 30, 2018 9:34:34 PM server.TCPServerCommunicationManager run
INFO: [Server]: Client Command: REGISTER PLAIN
Jul 30, 2018 9:34:56 PM server.TCPServerCommunicationManager run
INFO: [Server]: Client Command: USER<daniela>
Jul 30, 2018 9:35:06 PM server.TCPServerCommunicationManager run
INFO: [Server]: Client Command: PASS<1234>
Jul 30, 2018 9:35:14 PM server.TCPServerCommunicationManager run
INFO: [Server]: Client Command: LOGOUT
Jul 30, 2018 9:35:18 PM server.TCPServerCommunicationManager run
INFO: [Server]: Client Command: HELLO <127.0.0.1>
Jul 30, 2018 9:38:58 PM server.TCPServerCommunicationManager run
INFO: [Server]: Client Command: HELLO <127.0.0.1>
Jul 30, 2018 9:39:09 PM server.TCPServerCommunicationManager run
INFO: [Server]: Client Command: REGISTER PLAIN
Jul 30, 2018 9:39:16 PM server.TCPServerCommunicationManager run
INFO: [Server]: Client Command: USER<daniela>
Jul 30, 2018 9:39:24 PM server.TCPServerCommunicationManager run
INFO: [Server]: Client Command: PASS<1234>
Jul 30, 2018 9:39:33 PM server.TCPServerCommunicationManager run
INFO: [Server]: Client Command: LOGOUT
Jul 30, 2018 9:39:33 PM server.TCPServerCommunicationManager run
INFO: [Server]: Client Command: HELLO <127.0.0.1>
Jul 30, 2018 9:39:48 PM server.TCPServerCommunicationManager run
INFO: [Server]: Client Command: REGISTER PLAIN
Jul 30, 2018 9:39:59 PM server.TCPServerCommunicationManager run
INFO: [Server]: Client Command: USER<maria>
Jul 30, 2018 9:40:12 PM server.TCPServerCommunicationManager run
INFO: [Server]: Client Command: PASS<1234>
Jul 30, 2018 9:40:32 PM server.TCPServerCommunicationManager run
INFO: [Server]: Client Command: LOGOUT
Jul 30, 2018 9:40:32 PM server.TCPServerCommunicationManager run
INFO: [Server]: Client Command: HELLO <127.0.0.1>
Jul 30, 2018 9:40:39 PM server.TCPServerCommunicationManager run
INFO: [Server]: Client Command: LOGIN
Jul 30, 2018 10:34:38 PM server.TCPServerCommunicationManager run
INFO: [Server]: Client Command: HELLO <127.0.0.1>
Jul 30, 2018 10:34:46 PM server.TCPServerCommunicationManager run
INFO: [Server]: Client Command: REGISTER PLAIN
Jul 30, 2018 10:34:53 PM server.TCPServerCommunicationManager run
INFO: [Server]: Client Command: USER<daniela>
Jul 30, 2018 10:35:00 PM server.TCPServerCommunicationManager run
INFO: [Server]: Client Command: PASS<1234>
Jul 30, 2018 10:35:13 PM server.TCPServerCommunicationManager run
INFO: [Server]: Client Command: LOGOUT
Jul 30, 2018 10:35:13 PM server.TCPServerCommunicationManager run
INFO: [Server]: Client Command: HELLO <127.0.0.1>
Jul 30, 2018 10:35:24 PM server.TCPServerCommunicationManager run
INFO: [Server]: Client Command: REGISTER PLAIN
Jul 30, 2018 10:35:32 PM server.TCPServerCommunicationManager run
INFO: [Server]: Client Command: USER<mimi>
Jul 30, 2018 10:35:41 PM server.TCPServerCommunicationManager run
INFO: [Server]: Client Command: PASS<1234>
Jul 30, 2018 10:35:49 PM server.TCPServerCommunicationManager run
INFO: [Server]: Client Command: LOGOUT
Jul 30, 2018 10:35:49 PM server.TCPServerCommunicationManager run
INFO: [Server]: Client Command: HELLO <127.0.0.1>
Jul 30, 2018 10:35:57 PM server.TCPServerCommunicationManager run
INFO: [Server]: Client Command: LOGIN
Jul 30, 2018 10:36:05 PM server.TCPServerCommunicationManager run
INFO: [Server]: Client Command: USER<mimi>
Jul 30, 2018 10:36:14 PM server.TCPServerCommunicationManager run
INFO: [Server]: Client Command: PASS<1234>
Jul 30, 2018 10:36:34 PM server.TCPServerCommunicationManager run
INFO: [Server]: Client Command: LOGOUT
Jul 30, 2018 10:36:34 PM server.TCPServerCommunicationManager run
INFO: [Server]: Client Command: HELLO <127.0.0.1>
Jul 30, 2018 10:36:44 PM server.TCPServerCommunicationManager run
INFO: [Server]: Client Command: LOGIN
Jul 30, 2018 10:36:52 PM server.TCPServerCommunicationManager run
INFO: [Server]: Client Command: USER<koko>
Jul 30, 2018 10:36:52 PM server.TCPServerCommunicationManager run
INFO: [Server]: Client Command: LOGOUT
Jul 30, 2018 10:57:16 PM server.TCPServerCommunicationManager run
INFO: [Server]: Client Command: HELLO <127.0.0.1>
Jul 30, 2018 10:57:45 PM server.TCPServerCommunicationManager run
INFO: [Server]: Client Command: REGISTER PLAIN
Jul 30, 2018 10:57:54 PM server.TCPServerCommunicationManager run
INFO: [Server]: Client Command: USER<DANI>
Jul 30, 2018 10:58:02 PM server.TCPServerCommunicationManager run
INFO: [Server]: Client Command: PASS<1234>
Jul 30, 2018 10:58:13 PM server.TCPServerCommunicationManager run
INFO: [Server]: Client Command: LOGOUT
Jul 30, 2018 10:58:13 PM server.TCPServerCommunicationManager run
INFO: [Server]: Client Command: HELLO <127.0.0.1>
Jul 30, 2018 10:58:22 PM server.TCPServerCommunicationManager run
INFO: [Server]: Client Command: REGISTER PLAIN
Jul 30, 2018 10:58:30 PM server.TCPServerCommunicationManager run
INFO: [Server]: Client Command: USER<mimi>
Jul 30, 2018 10:58:40 PM server.TCPServerCommunicationManager run
INFO: [Server]: Client Command: PASS<1234>
Jul 30, 2018 10:58:50 PM server.TCPServerCommunicationManager run
INFO: [Server]: Client Command: LOGOUT
Jul 30, 2018 10:58:50 PM server.TCPServerCommunicationManager run
INFO: [Server]: Client Command: HELLO <127.0.0.1>
Jul 30, 2018 10:58:57 PM server.TCPServerCommunicationManager run
INFO: [Server]: Client Command: LOGIN
Jul 30, 2018 10:59:06 PM server.TCPServerCommunicationManager run
INFO: [Server]: Client Command: USER<mimi>
Jul 30, 2018 10:59:17 PM server.TCPServerCommunicationManager run
INFO: [Server]: Client Command: PASS<1234>
Jul 30, 2018 10:59:24 PM server.TCPServerCommunicationManager run
INFO: [Server]: Client Command: LOGOUT
Jul 30, 2018 10:59:24 PM server.TCPServerCommunicationManager run
INFO: [Server]: Client Command: HELLO <127.0.0.1>
Jul 30, 2018 10:59:33 PM server.TCPServerCommunicationManager run
INFO: [Server]: Client Command: LOGIN
Jul 30, 2018 10:59:42 PM server.TCPServerCommunicationManager run
INFO: [Server]: Client Command: USER<mimi>
Jul 30, 2018 10:59:50 PM server.TCPServerCommunicationManager run
INFO: [Server]: Client Command: PASS<222>
Jul 30, 2018 10:59:50 PM server.TCPServerCommunicationManager run
INFO: [Server]: Client Command: LOGIN
Jul 30, 2018 11:00:06 PM server.TCPServerCommunicationManager run
INFO: [Server]: Client Command: USER<mimmimi>
Jul 30, 2018 11:00:06 PM server.TCPServerCommunicationManager run
INFO: [Server]: Client Command: LOGIN
Jul 30, 2018 11:00:19 PM server.TCPServerCommunicationManager run
INFO: [Server]: Client Command: USER<mimi>
Jul 30, 2018 11:00:32 PM server.TCPServerCommunicationManager run
INFO: [Server]: Client Command: PASS<123>
Jul 30, 2018 11:00:32 PM server.TCPServerCommunicationManager run
INFO: [Server]: Client Command: LOGIN
Jul 30, 2018 11:00:41 PM server.TCPServerCommunicationManager run
INFO: [Server]: Client Command: USER<mimi>
Jul 30, 2018 11:00:49 PM server.TCPServerCommunicationManager run
INFO: [Server]: Client Command: PASS<1234>
Jul 30, 2018 11:01:07 PM server.TCPServerCommunicationManager run
INFO: [Server]: Client Command: EXIT
Jul 30, 2018 11:25:59 PM server.TCPServerCommunicationManager run
INFO: [Server]: Client Command: HELLO <127.0.0.1>
Jul 30, 2018 11:26:11 PM server.TCPServerCommunicationManager run
INFO: [Server]: Client Command: REGISTER PLAIN
Jul 30, 2018 11:26:20 PM server.TCPServerCommunicationManager run
INFO: [Server]: Client Command: USER<mimi>
Jul 30, 2018 11:26:26 PM server.TCPServerCommunicationManager run
INFO: [Server]: Client Command: PASS<1234>
Jul 30, 2018 11:26:36 PM server.TCPServerCommunicationManager run
INFO: [Server]: Client Command: EXIT
Aug 01, 2018 10:27:00 AM server.TCPServerCommunicationManager run
INFO: [Server]: Client Command: HELLO <127.0.0.1>
Aug 01, 2018 10:27:18 AM server.TCPServerCommunicationManager run
INFO: [Server]: Client Command: REGISTER PLAIN
Aug 01, 2018 10:27:25 AM server.TCPServerCommunicationManager run
INFO: [Server]: Client Command: USER<dani>
Aug 01, 2018 10:27:33 AM server.TCPServerCommunicationManager run
INFO: [Server]: Client Command: PASS<1234>
Aug 01, 2018 10:27:39 AM server.TCPServerCommunicationManager run
INFO: [Server]: Client Command: LOGOUT
Aug 01, 2018 10:27:39 AM server.TCPServerCommunicationManager run
INFO: [Server]: Client Command: HELLO <127.0.0.1>
Aug 01, 2018 2:01:01 PM server.TCPServerCommunicationManager run
INFO: [Server]: Client Command: HELLO <127.0.0.1>
Aug 01, 2018 5:30:47 PM server.TCPServerCommunicationManager run
INFO: [Server]: Client Command: HELLO <127.0.0.1>
Aug 01, 2018 5:30:55 PM server.TCPServerCommunicationManager run
INFO: [Server]: Client Command: REGISTER PLAIN
Aug 01, 2018 5:30:58 PM server.TCPServerCommunicationManager run
INFO: [Server]: Client Command: USER<mimi>
Aug 01, 2018 5:31:05 PM server.TCPServerCommunicationManager run
INFO: [Server]: Client Command: PASS<1234>
Aug 01, 2018 5:31:20 PM server.TCPServerCommunicationManager run
INFO: [Server]: Client Command: LOGOUT
Aug 01, 2018 5:31:20 PM server.TCPServerCommunicationManager run
INFO: [Server]: Client Command: HELLO <127.0.0.1>
Aug 01, 2018 5:34:50 PM server.TCPServerCommunicationManager run
INFO: [Server]: Client Command: HELLO <127.0.0.1>
Aug 01, 2018 5:34:57 PM server.TCPServerCommunicationManager run
INFO: [Server]: Client Command: REGISTER PLAIN
Aug 02, 2018 11:58:50 AM server.TCPServerCommunicationManager run
INFO: [Server]: Client Command: HELLO <127.0.0.1>
Aug 02, 2018 11:59:31 AM server.TCPServerCommunicationManager run
INFO: [Server]: Client Command: LOGIN
Aug 02, 2018 11:59:45 AM server.TCPServerCommunicationManager run
INFO: [Server]: Client Command: USER<eeee>
Aug 02, 2018 11:59:45 AM server.TCPServerCommunicationManager run
INFO: [Server]: Client Command: LOGIN
Aug 02, 2018 11:59:55 AM server.TCPServerCommunicationManager run
INFO: [Server]: Client Command: USER<wwww>
Aug 02, 2018 11:59:55 AM server.TCPServerCommunicationManager run
INFO: [Server]: Client Command: LOGIN
Aug 02, 2018 12:00:07 PM server.TCPServerCommunicationManager run
INFO: [Server]: Client Command: USER<1>
Aug 02, 2018 12:00:07 PM server.TCPServerCommunicationManager run
INFO: [Server]: Client Command: LOGIN
Aug 02, 2018 12:00:14 PM server.TCPServerCommunicationManager run
INFO: [Server]: Client Command: USER<dani>
Aug 02, 2018 12:00:14 PM server.TCPServerCommunicationManager run
INFO: [Server]: Client Command: LOGIN
Aug 02, 2018 12:01:18 PM server.TCPServerCommunicationManager run
INFO: [Server]: Client Command: HELLO <127.0.0.1>
Aug 02, 2018 12:01:24 PM server.TCPServerCommunicationManager run
INFO: [Server]: Client Command: REGISTER PLAIN
Aug 02, 2018 12:01:27 PM server.TCPServerCommunicationManager run
INFO: [Server]: Client Command: USER<dani>
Aug 02, 2018 12:01:31 PM server.TCPServerCommunicationManager run
INFO: [Server]: Client Command: PASS<1234>
Aug 02, 2018 12:01:36 PM server.TCPServerCommunicationManager run
INFO: [Server]: Client Command: LOGOUT
Aug 02, 2018 12:01:36 PM server.TCPServerCommunicationManager run
INFO: [Server]: Client Command: HELLO <127.0.0.1>
Aug 02, 2018 12:01:46 PM server.TCPServerCommunicationManager run
INFO: [Server]: Client Command: LOGIN
Aug 02, 2018 12:01:49 PM server.TCPServerCommunicationManager run
INFO: [Server]: Client Command: USER<dani>
Aug 02, 2018 12:02:05 PM server.TCPServerCommunicationManager run
INFO: [Server]: Client Command: PASS<1234>
Aug 02, 2018 12:02:10 PM server.TCPServerCommunicationManager run
INFO: [Server]: Client Command: EXIT
Aug 02, 2018 5:46:44 PM server.TCPServerCommunicationManager run
INFO: [Server]: Client Command: HELLO <127.0.0.1>
Aug 02, 2018 5:47:00 PM server.TCPServerCommunicationManager run
INFO: [Server]: Client Command: REGISTER PLAIN
Aug 02, 2018 5:47:06 PM server.TCPServerCommunicationManager run
INFO: [Server]: Client Command: USER<daniela>
Aug 02, 2018 5:47:08 PM server.TCPServerCommunicationManager run
INFO: [Server]: Client Command: PASS<1234>
Aug 02, 2018 5:47:13 PM server.TCPServerCommunicationManager run
INFO: [Server]: Client Command: LOGOUT
Aug 02, 2018 5:47:13 PM server.TCPServerCommunicationManager run
INFO: [Server]: Client Command: HELLO <127.0.0.1>
Aug 02, 2018 5:47:17 PM server.TCPServerCommunicationManager run
INFO: [Server]: Client Command: LOGIN
Aug 02, 2018 5:47:23 PM server.TCPServerCommunicationManager run
INFO: [Server]: Client Command: USER<dani>
Aug 02, 2018 5:47:23 PM server.TCPServerCommunicationManager run
INFO: [Server]: Client Command: LOGIN
Aug 02, 2018 5:47:25 PM server.TCPServerCommunicationManager run
INFO: [Server]: Client Command: USER<1234>
Aug 02, 2018 5:47:25 PM server.TCPServerCommunicationManager run
INFO: [Server]: Client Command: LOGIN
Aug 02, 2018 5:47:38 PM server.TCPServerCommunicationManager run
INFO: [Server]: Client Command: USER<daniela>
Aug 02, 2018 5:47:40 PM server.TCPServerCommunicationManager run
INFO: [Server]: Client Command: PASS<1234>
Aug 02, 2018 5:47:49 PM server.TCPServerCommunicationManager run
INFO: [Server]: Client Command: LOGOUT
Aug 02, 2018 5:47:49 PM server.TCPServerCommunicationManager run
INFO: [Server]: Client Command: HELLO <127.0.0.1>
Aug 03, 2018 10:22:51 AM server.TCPServerCommunicationManager run
INFO: [Server]: Client Command: HELLO <127.0.0.1>
Aug 03, 2018 10:22:58 AM server.TCPServerCommunicationManager run
INFO: [Server]: Client Command: REGISTER PLAIN
Aug 03, 2018 10:23:06 AM server.TCPServerCommunicationManager run
INFO: [Server]: Client Command: USER<dani>
Aug 03, 2018 10:23:09 AM server.TCPServerCommunicationManager run
INFO: [Server]: Client Command: PASS<1234>
Aug 03, 2018 10:23:25 AM server.TCPServerCommunicationManager run
INFO: [Server]: Client Command: SEND<sss><mimi>
Aug 03, 2018 1:56:04 PM server.ConnectionThread run
INFO: New connection from 127.0.0.1
Aug 03, 2018 1:56:04 PM server.TCPServerCommunication run
INFO: [Server]: Client Command: HELLO <127.0.0.1>
Aug 03, 2018 1:56:12 PM server.TCPServerCommunication run
INFO: [Server]: Client Command: REGISTER PLAIN
Aug 03, 2018 1:56:17 PM server.TCPServerCommunication run
INFO: [Server]: Client Command: USER<dani>
Aug 03, 2018 1:56:20 PM server.TCPServerCommunication run
INFO: [Server]: Client Command: PASS<1234>
Aug 03, 2018 1:56:23 PM server.TCPServerCommunication run
INFO: [Server]: Client Command: LOGOUT
Aug 03, 2018 1:56:23 PM server.TCPServerCommunication run
INFO: [Server]: Client Command: HELLO <127.0.0.1>
Aug 03, 2018 2:00:21 PM server.ConnectionThread run
INFO: New connection from 127.0.0.1
Aug 03, 2018 2:00:21 PM server.TCPServerCommunication run
INFO: [Server]: Client Command: HELLO <127.0.0.1>
Aug 03, 2018 2:00:27 PM server.TCPServerCommunication run
INFO: [Server]: Client Command: REGISTER PLAIN
Aug 03, 2018 2:00:34 PM server.TCPServerCommunication run
INFO: [Server]: Client Command: USER<dani>
Aug 03, 2018 2:00:36 PM server.TCPServerCommunication run
INFO: [Server]: Client Command: PASS<1234>
Aug 03, 2018 2:01:01 PM server.TCPServerCommunication run
INFO: [Server]: Client Command: LOGOUT
Aug 03, 2018 2:01:01 PM server.TCPServerCommunication run
INFO: [Server]: Client Command: HELLO <127.0.0.1>
Aug 03, 2018 2:01:33 PM server.TCPServerCommunication run
INFO: [Server]: Client Command: LOGIN
Aug 03, 2018 2:01:39 PM server.TCPServerCommunication run
INFO: [Server]: Client Command: USER<dani>
Aug 03, 2018 2:01:43 PM server.TCPServerCommunication run
INFO: [Server]: Client Command: PASS<1234>
Aug 03, 2018 2:02:10 PM server.TCPServerCommunication run
INFO: [Server]: Client Command: LOGOUT
Aug 03, 2018 2:02:10 PM server.TCPServerCommunication run
INFO: [Server]: Client Command: HELLO <127.0.0.1>
Aug 03, 2018 3:00:36 PM server.TCPServerCommunication run
INFO: [Server]: Client Command: LOGIN
Aug 03, 2018 3:00:39 PM server.TCPServerCommunication run
INFO: [Server]: Client Command: USER<dani>
Aug 03, 2018 3:00:41 PM server.TCPServerCommunication run
INFO: [Server]: Client Command: PASS<1234>
Aug 03, 2018 3:04:10 PM server.ConnectionThread run
INFO: New connection from 127.0.0.1
Aug 03, 2018 3:04:10 PM server.TCPServerCommunication run
INFO: [Server]: Client Command: HELLO <127.0.0.1>
Aug 03, 2018 3:04:17 PM server.TCPServerCommunication run
INFO: [Server]: Client Command: QUIT
Aug 03, 2018 3:04:35 PM server.ConnectionThread run
INFO: New connection from 127.0.0.1
Aug 03, 2018 3:04:35 PM server.TCPServerCommunication run
INFO: [Server]: Client Command: HELLO <127.0.0.1>
Aug 03, 2018 3:04:51 PM server.TCPServerCommunication run
INFO: [Server]: Client Command: REGISTER PLAIN
Aug 03, 2018 3:04:54 PM server.TCPServerCommunication run
INFO: [Server]: Client Command: USER<dani>
Aug 03, 2018 3:04:57 PM server.TCPServerCommunication run
INFO: [Server]: Client Command: PASS<1234>
Aug 03, 2018 3:05:51 PM server.TCPServerCommunication run
INFO: [Server]: Client Command: LOGOUT
Aug 03, 2018 3:05:51 PM server.TCPServerCommunication run
INFO: [Server]: Client Command: HELLO <127.0.0.1>
Aug 03, 2018 3:05:57 PM server.TCPServerCommunication run
INFO: [Server]: Client Command: REGISTER PLAIN
Aug 03, 2018 3:05:59 PM server.TCPServerCommunication run
INFO: [Server]: Client Command: USER<mimi>
Aug 03, 2018 3:06:00 PM server.TCPServerCommunication run
INFO: [Server]: Client Command: PASS<1234>
Aug 03, 2018 3:06:07 PM server.TCPServerCommunication run
INFO: [Server]: Client Command: LOGOUT
Aug 03, 2018 3:06:07 PM server.TCPServerCommunication run
INFO: [Server]: Client Command: HELLO <127.0.0.1>
Aug 03, 2018 3:06:17 PM server.TCPServerCommunication run
INFO: [Server]: Client Command: QUIT
Aug 03, 2018 3:07:53 PM server.ConnectionThread run
INFO: New connection from 127.0.0.1
Aug 03, 2018 3:07:53 PM server.TCPServerCommunication run
INFO: [Server]: Client Command: HELLO <127.0.0.1>
Aug 03, 2018 3:08:11 PM server.TCPServerCommunication run
INFO: [Server]: Client Command: REGISTER PLAIN
Aug 03, 2018 3:08:14 PM server.TCPServerCommunication run
INFO: [Server]: Client Command: USER<dani>
Aug 03, 2018 3:08:16 PM server.TCPServerCommunication run
INFO: [Server]: Client Command: PASS<1234>
Aug 03, 2018 3:08:19 PM server.TCPServerCommunication run
INFO: [Server]: Client Command: LOGOUT
Aug 03, 2018 3:08:19 PM server.TCPServerCommunication run
INFO: [Server]: Client Command: HELLO <127.0.0.1>
Aug 03, 2018 3:10:19 PM server.ConnectionThread run
INFO: New connection from 127.0.0.1
Aug 03, 2018 3:10:20 PM server.TCPServerCommunication run
INFO: [Server]: Client Command: HELLO <127.0.0.1>
Aug 03, 2018 3:17:59 PM server.ConnectionThread run
INFO: New connection from 127.0.0.1
Aug 03, 2018 3:17:59 PM server.TCPServerCommunication run
INFO: [Server]: Client Command: HELLO <127.0.0.1>
Aug 03, 2018 3:18:24 PM server.TCPServerCommunication run
INFO: [Server]: Client Command: REGISTER PLAIN
Aug 03, 2018 3:18:28 PM server.TCPServerCommunication run
INFO: [Server]: Client Command: USER<dani>
Aug 03, 2018 3:18:30 PM server.TCPServerCommunication run
INFO: [Server]: Client Command: PASS<1234>
Aug 03, 2018 3:18:32 PM server.TCPServerCommunication run
INFO: [Server]: Client Command: LOGOUT
Aug 03, 2018 3:18:32 PM server.TCPServerCommunication run
INFO: [Server]: Client Command: HELLO <127.0.0.1>
Aug 03, 2018 3:18:35 PM server.TCPServerCommunication run
INFO: [Server]: Client Command: QUIT
